d:\mfc学习代码\空洞骑士\空洞骑士\空洞骑士\x64\release\vc143.pdb
d:\mfc学习代码\空洞骑士\空洞骑士\空洞骑士\x64\release\透明动画与翻转动画函数.obj
d:\mfc学习代码\空洞骑士\空洞骑士\空洞骑士\x64\release\ui.obj
d:\mfc学习代码\空洞骑士\空洞骑士\空洞骑士\x64\release\main.obj
d:\mfc学习代码\空洞骑士\空洞骑士\空洞骑士\x64\release\state-machine.obj
d:\mfc学习代码\空洞骑士\空洞骑士\空洞骑士\x64\release\player_statenode.obj
d:\mfc学习代码\空洞骑士\空洞骑士\空洞骑士\x64\release\player.obj
d:\mfc学习代码\空洞骑士\空洞骑士\空洞骑士\x64\release\mantis air projectile.obj
d:\mfc学习代码\空洞骑士\空洞骑士\空洞骑士\x64\release\gravity.obj
d:\mfc学习代码\空洞骑士\空洞骑士\空洞骑士\x64\release\enemy_statenode3.obj
d:\mfc学习代码\空洞骑士\空洞骑士\空洞骑士\x64\release\enemy_statenode2.obj
d:\mfc学习代码\空洞骑士\空洞骑士\空洞骑士\x64\release\enemy_statenode.obj
d:\mfc学习代码\空洞骑士\空洞骑士\空洞骑士\x64\release\enemy.obj
d:\mfc学习代码\空洞骑士\空洞骑士\空洞骑士\x64\release\effect.obj
d:\mfc学习代码\空洞骑士\空洞骑士\空洞骑士\x64\release\collision.obj
d:\mfc学习代码\空洞骑士\空洞骑士\空洞骑士\x64\release\charactermanager.obj
d:\mfc学习代码\空洞骑士\空洞骑士\空洞骑士\x64\release\character.obj
d:\mfc学习代码\空洞骑士\空洞骑士\空洞骑士\x64\release\cameramanager.obj
d:\mfc学习代码\空洞骑士\空洞骑士\空洞骑士\x64\release\bullet.obj
d:\mfc学习代码\空洞骑士\空洞骑士\空洞骑士\x64\release\animation.obj
d:\mfc学习代码\空洞骑士\空洞骑士\x64\release\空洞骑士.exe
d:\mfc学习代码\空洞骑士\空洞骑士\x64\release\空洞骑士.pdb
d:\mfc学习代码\空洞骑士\空洞骑士\空洞骑士\x64\release\空洞骑士.ipdb
d:\mfc学习代码\空洞骑士\空洞骑士\空洞骑士\x64\release\空洞骑士.iobj
d:\mfc学习代码\空洞骑士\空洞骑士\空洞骑士\x64\release\空洞骑士.tlog\cl.command.1.tlog
d:\mfc学习代码\空洞骑士\空洞骑士\空洞骑士\x64\release\空洞骑士.tlog\cl.items.tlog
d:\mfc学习代码\空洞骑士\空洞骑士\空洞骑士\x64\release\空洞骑士.tlog\cl.read.1.tlog
d:\mfc学习代码\空洞骑士\空洞骑士\空洞骑士\x64\release\空洞骑士.tlog\cl.write.1.tlog
d:\mfc学习代码\空洞骑士\空洞骑士\空洞骑士\x64\release\空洞骑士.tlog\link.command.1.tlog
d:\mfc学习代码\空洞骑士\空洞骑士\空洞骑士\x64\release\空洞骑士.tlog\link.read.1.tlog
d:\mfc学习代码\空洞骑士\空洞骑士\空洞骑士\x64\release\空洞骑士.tlog\link.secondary.1.tlog
d:\mfc学习代码\空洞骑士\空洞骑士\空洞骑士\x64\release\空洞骑士.tlog\link.write.1.tlog
