  Animation.cpp
D:\MFC学习代码\空洞骑士\空洞骑士\空洞骑士\Animation.cpp(24,51): warning C4244: “参数”: 从“double”转换到“int”，可能丢失数据
D:\MFC学习代码\空洞骑士\空洞骑士\空洞骑士\Animation.cpp(24,36): warning C4244: “参数”: 从“double”转换到“int”，可能丢失数据
D:\MFC学习代码\空洞骑士\空洞骑士\空洞骑士\Animation.cpp(44,52): warning C4244: “参数”: 从“double”转换到“int”，可能丢失数据
D:\MFC学习代码\空洞骑士\空洞骑士\空洞骑士\Animation.cpp(44,37): warning C4244: “参数”: 从“double”转换到“int”，可能丢失数据
D:\MFC学习代码\空洞骑士\空洞骑士\空洞骑士\Animation.cpp(48,49): warning C4244: “参数”: 从“double”转换到“int”，可能丢失数据
D:\MFC学习代码\空洞骑士\空洞骑士\空洞骑士\Animation.cpp(48,36): warning C4244: “参数”: 从“double”转换到“int”，可能丢失数据
D:\MFC学习代码\空洞骑士\空洞骑士\空洞骑士\Animation.cpp(52,52): warning C4244: “参数”: 从“double”转换到“int”，可能丢失数据
D:\MFC学习代码\空洞骑士\空洞骑士\空洞骑士\Animation.cpp(52,37): warning C4244: “参数”: 从“double”转换到“int”，可能丢失数据
D:\MFC学习代码\空洞骑士\空洞骑士\空洞骑士\Animation.cpp(56,51): warning C4244: “参数”: 从“double”转换到“int”，可能丢失数据
D:\MFC学习代码\空洞骑士\空洞骑士\空洞骑士\Animation.cpp(56,37): warning C4244: “参数”: 从“double”转换到“int”，可能丢失数据
D:\MFC学习代码\空洞骑士\空洞骑士\空洞骑士\Animation.cpp(77,62): warning C4244: “参数”: 从“double”转换到“int”，可能丢失数据
D:\MFC学习代码\空洞骑士\空洞骑士\空洞骑士\Animation.cpp(77,47): warning C4244: “参数”: 从“double”转换到“int”，可能丢失数据
D:\MFC学习代码\空洞骑士\空洞骑士\空洞骑士\Animation.cpp(100,62): warning C4244: “参数”: 从“double”转换到“int”，可能丢失数据
D:\MFC学习代码\空洞骑士\空洞骑士\空洞骑士\Animation.cpp(100,47): warning C4244: “参数”: 从“double”转换到“int”，可能丢失数据
D:\MFC学习代码\空洞骑士\空洞骑士\空洞骑士\Animation.cpp(208,15): warning C4267: “return”: 从“size_t”转换到“int”，可能丢失数据
  bullet.cpp
  CameraManager.cpp
  Character.cpp
  CharacterManager.cpp
  collision.cpp
  Effect.cpp
  Enemy.cpp
D:\MFC学习代码\空洞骑士\空洞骑士\空洞骑士\Enemy.cpp(43,97): warning C4244: “参数”: 从“double”转换到“int”，可能丢失数据
D:\MFC学习代码\空洞骑士\空洞骑士\空洞骑士\Enemy.cpp(43,86): warning C4244: “参数”: 从“double”转换到“int”，可能丢失数据
D:\MFC学习代码\空洞骑士\空洞骑士\空洞骑士\Enemy.cpp(44,98): warning C4244: “参数”: 从“double”转换到“int”，可能丢失数据
D:\MFC学习代码\空洞骑士\空洞骑士\空洞骑士\Enemy.cpp(44,87): warning C4244: “参数”: 从“double”转换到“int”，可能丢失数据
D:\MFC学习代码\空洞骑士\空洞骑士\空洞骑士\Enemy.cpp(504,42): warning C4244: “=”: 从“float”转换到“LONG”，可能丢失数据
D:\MFC学习代码\空洞骑士\空洞骑士\空洞骑士\Enemy.cpp(505,41): warning C4244: “=”: 从“float”转换到“LONG”，可能丢失数据
D:\MFC学习代码\空洞骑士\空洞骑士\空洞骑士\Enemy.cpp(519,40): warning C4244: “=”: 从“float”转换到“LONG”，可能丢失数据
D:\MFC学习代码\空洞骑士\空洞骑士\空洞骑士\Enemy.cpp(520,41): warning C4244: “=”: 从“float”转换到“LONG”，可能丢失数据
D:\MFC学习代码\空洞骑士\空洞骑士\空洞骑士\Enemy.cpp(571,19): warning C4244: “初始化”: 从“double”转换到“long”，可能丢失数据
D:\MFC学习代码\空洞骑士\空洞骑士\空洞骑士\Enemy.cpp(572,19): warning C4244: “初始化”: 从“double”转换到“long”，可能丢失数据
D:\MFC学习代码\空洞骑士\空洞骑士\空洞骑士\Enemy.cpp(598,18): warning C4244: “初始化”: 从“double”转换到“long”，可能丢失数据
D:\MFC学习代码\空洞骑士\空洞骑士\空洞骑士\Enemy.cpp(607,25): warning C4244: “+=”: 从“float”转换到“LONG”，可能丢失数据
D:\MFC学习代码\空洞骑士\空洞骑士\空洞骑士\Enemy.cpp(618,18): warning C4244: “初始化”: 从“double”转换到“long”，可能丢失数据
D:\MFC学习代码\空洞骑士\空洞骑士\空洞骑士\Enemy.cpp(619,18): warning C4244: “初始化”: 从“double”转换到“long”，可能丢失数据
D:\MFC学习代码\空洞骑士\空洞骑士\空洞骑士\Enemy.cpp(634,19): warning C4244: “初始化”: 从“double”转换到“long”，可能丢失数据
D:\MFC学习代码\空洞骑士\空洞骑士\空洞骑士\Enemy.cpp(635,19): warning C4244: “初始化”: 从“double”转换到“long”，可能丢失数据
D:\MFC学习代码\空洞骑士\空洞骑士\空洞骑士\Enemy.cpp(674,19): warning C4244: “初始化”: 从“double”转换到“long”，可能丢失数据
D:\MFC学习代码\空洞骑士\空洞骑士\空洞骑士\Enemy.cpp(675,19): warning C4244: “初始化”: 从“double”转换到“long”，可能丢失数据
D:\MFC学习代码\空洞骑士\空洞骑士\空洞骑士\Enemy.cpp(705,18): warning C4244: “初始化”: 从“double”转换到“long”，可能丢失数据
D:\MFC学习代码\空洞骑士\空洞骑士\空洞骑士\Enemy.cpp(714,25): warning C4244: “-=”: 从“float”转换到“LONG”，可能丢失数据
D:\MFC学习代码\空洞骑士\空洞骑士\空洞骑士\Enemy.cpp(725,18): warning C4244: “初始化”: 从“double”转换到“long”，可能丢失数据
D:\MFC学习代码\空洞骑士\空洞骑士\空洞骑士\Enemy.cpp(726,18): warning C4244: “初始化”: 从“double”转换到“long”，可能丢失数据
D:\MFC学习代码\空洞骑士\空洞骑士\空洞骑士\Enemy.cpp(742,19): warning C4244: “初始化”: 从“double”转换到“long”，可能丢失数据
D:\MFC学习代码\空洞骑士\空洞骑士\空洞骑士\Enemy.cpp(743,19): warning C4244: “初始化”: 从“double”转换到“long”，可能丢失数据
D:\MFC学习代码\空洞骑士\空洞骑士\空洞骑士\Enemy.cpp(773,34): warning C4244: “=”: 从“double”转换到“LONG”，可能丢失数据
D:\MFC学习代码\空洞骑士\空洞骑士\空洞骑士\Enemy.cpp(780,34): warning C4244: “=”: 从“double”转换到“LONG”，可能丢失数据
D:\MFC学习代码\空洞骑士\空洞骑士\空洞骑士\Enemy.cpp(785,114): warning C4244: “=”: 从“double”转换到“LONG”，可能丢失数据
D:\MFC学习代码\空洞骑士\空洞骑士\空洞骑士\Enemy.cpp(795,19): warning C4244: “初始化”: 从“double”转换到“long”，可能丢失数据
D:\MFC学习代码\空洞骑士\空洞骑士\空洞骑士\Enemy.cpp(807,71): warning C4244: “=”: 从“double”转换到“LONG”，可能丢失数据
D:\MFC学习代码\空洞骑士\空洞骑士\空洞骑士\Enemy.cpp(813,18): warning C4244: “初始化”: 从“double”转换到“long”，可能丢失数据
D:\MFC学习代码\空洞骑士\空洞骑士\空洞骑士\Enemy.cpp(822,25): warning C4244: “+=”: 从“float”转换到“LONG”，可能丢失数据
D:\MFC学习代码\空洞骑士\空洞骑士\空洞骑士\Enemy.cpp(862,26): warning C4244: “+=”: 从“float”转换到“LONG”，可能丢失数据
D:\MFC学习代码\空洞骑士\空洞骑士\空洞骑士\Enemy.cpp(863,119): warning C4244: “=”: 从“float”转换到“LONG”，可能丢失数据
D:\MFC学习代码\空洞骑士\空洞骑士\空洞骑士\Enemy.cpp(867,26): warning C4244: “+=”: 从“float”转换到“LONG”，可能丢失数据
D:\MFC学习代码\空洞骑士\空洞骑士\空洞骑士\Enemy.cpp(868,119): warning C4244: “=”: 从“float”转换到“LONG”，可能丢失数据
D:\MFC学习代码\空洞骑士\空洞骑士\空洞骑士\Enemy.cpp(887,34): warning C4244: “=”: 从“double”转换到“LONG”，可能丢失数据
D:\MFC学习代码\空洞骑士\空洞骑士\空洞骑士\Enemy.cpp(894,87): warning C4244: “=”: 从“double”转换到“LONG”，可能丢失数据
D:\MFC学习代码\空洞骑士\空洞骑士\空洞骑士\Enemy.cpp(899,116): warning C4244: “=”: 从“double”转换到“LONG”，可能丢失数据
D:\MFC学习代码\空洞骑士\空洞骑士\空洞骑士\Enemy.cpp(909,19): warning C4244: “初始化”: 从“double”转换到“long”，可能丢失数据
D:\MFC学习代码\空洞骑士\空洞骑士\空洞骑士\Enemy.cpp(921,127): warning C4244: “=”: 从“double”转换到“LONG”，可能丢失数据
D:\MFC学习代码\空洞骑士\空洞骑士\空洞骑士\Enemy.cpp(927,18): warning C4244: “初始化”: 从“double”转换到“long”，可能丢失数据
D:\MFC学习代码\空洞骑士\空洞骑士\空洞骑士\Enemy.cpp(936,25): warning C4244: “+=”: 从“float”转换到“LONG”，可能丢失数据
D:\MFC学习代码\空洞骑士\空洞骑士\空洞骑士\Enemy.cpp(975,26): warning C4244: “-=”: 从“float”转换到“LONG”，可能丢失数据
D:\MFC学习代码\空洞骑士\空洞骑士\空洞骑士\Enemy.cpp(976,121): warning C4244: “=”: 从“float”转换到“LONG”，可能丢失数据
D:\MFC学习代码\空洞骑士\空洞骑士\空洞骑士\Enemy.cpp(980,26): warning C4244: “-=”: 从“float”转换到“LONG”，可能丢失数据
D:\MFC学习代码\空洞骑士\空洞骑士\空洞骑士\Enemy.cpp(981,121): warning C4244: “=”: 从“float”转换到“LONG”，可能丢失数据
D:\MFC学习代码\空洞骑士\空洞骑士\空洞骑士\Enemy.cpp(999,155): warning C4244: “=”: 从“float”转换到“LONG”，可能丢失数据
D:\MFC学习代码\空洞骑士\空洞骑士\空洞骑士\Enemy.cpp(1012,19): warning C4244: “初始化”: 从“double”转换到“long”，可能丢失数据
D:\MFC学习代码\空洞骑士\空洞骑士\空洞骑士\Enemy.cpp(1013,19): warning C4244: “初始化”: 从“double”转换到“long”，可能丢失数据
D:\MFC学习代码\空洞骑士\空洞骑士\空洞骑士\Enemy.cpp(1026,115): warning C4244: “=”: 从“float”转换到“LONG”，可能丢失数据
D:\MFC学习代码\空洞骑士\空洞骑士\空洞骑士\Enemy.cpp(1035,114): warning C4244: “=”: 从“float”转换到“LONG”，可能丢失数据
D:\MFC学习代码\空洞骑士\空洞骑士\空洞骑士\Enemy.cpp(1053,41): warning C4244: “=”: 从“float”转换到“LONG”，可能丢失数据
D:\MFC学习代码\空洞骑士\空洞骑士\空洞骑士\Enemy.cpp(1071,81): warning C4244: “=”: 从“float”转换到“LONG”，可能丢失数据
D:\MFC学习代码\空洞骑士\空洞骑士\空洞骑士\Enemy.cpp(1075,110): warning C4244: “=”: 从“float”转换到“LONG”，可能丢失数据
D:\MFC学习代码\空洞骑士\空洞骑士\空洞骑士\Enemy.cpp(1084,19): warning C4244: “初始化”: 从“double”转换到“long”，可能丢失数据
D:\MFC学习代码\空洞骑士\空洞骑士\空洞骑士\Enemy.cpp(1085,19): warning C4244: “初始化”: 从“double”转换到“long”，可能丢失数据
D:\MFC学习代码\空洞骑士\空洞骑士\空洞骑士\Enemy.cpp(1098,40): warning C4244: “=”: 从“float”转换到“LONG”，可能丢失数据
D:\MFC学习代码\空洞骑士\空洞骑士\空洞骑士\Enemy.cpp(1107,74): warning C4244: “=”: 从“float”转换到“LONG”，可能丢失数据
D:\MFC学习代码\空洞骑士\空洞骑士\空洞骑士\Enemy.cpp(1125,41): warning C4244: “=”: 从“float”转换到“LONG”，可能丢失数据
D:\MFC学习代码\空洞骑士\空洞骑士\空洞骑士\Enemy.cpp(1271,25): warning C4244: “-=”: 从“float”转换到“LONG”，可能丢失数据
D:\MFC学习代码\空洞骑士\空洞骑士\空洞骑士\Enemy.cpp(1283,25): warning C4244: “-=”: 从“float”转换到“LONG”，可能丢失数据
  Enemy_StateNode.cpp
D:\MFC学习代码\空洞骑士\空洞骑士\空洞骑士\Enemy_StateNode.cpp(80,77): warning C4244: “=”: 从“double”转换到“LONG”，可能丢失数据
  Enemy_StateNode2.cpp
D:\MFC学习代码\空洞骑士\空洞骑士\空洞骑士\Enemy_StateNode2.cpp(175,77): warning C4244: “=”: 从“double”转换到“LONG”，可能丢失数据
D:\MFC学习代码\空洞骑士\空洞骑士\空洞骑士\Enemy_StateNode2.cpp(299,77): warning C4244: “=”: 从“double”转换到“LONG”，可能丢失数据
D:\MFC学习代码\空洞骑士\空洞骑士\空洞骑士\Enemy_StateNode2.cpp(532,77): warning C4244: “=”: 从“double”转换到“LONG”，可能丢失数据
  Enemy_StateNode3.cpp
D:\MFC学习代码\空洞骑士\空洞骑士\空洞骑士\Enemy_StateNode3.cpp(312,77): warning C4244: “=”: 从“double”转换到“LONG”，可能丢失数据
D:\MFC学习代码\空洞骑士\空洞骑士\空洞骑士\Enemy_StateNode3.cpp(357,77): warning C4244: “=”: 从“double”转换到“LONG”，可能丢失数据
D:\MFC学习代码\空洞骑士\空洞骑士\空洞骑士\Enemy_StateNode3.cpp(588,77): warning C4244: “=”: 从“double”转换到“LONG”，可能丢失数据
  gravity.cpp
  Mantis Air Projectile.cpp
D:\MFC学习代码\空洞骑士\空洞骑士\空洞骑士\Mantis Air Projectile.cpp(79,11): warning C4244: “=”: 从“float”转换到“int”，可能丢失数据
D:\MFC学习代码\空洞骑士\空洞骑士\空洞骑士\Mantis Air Projectile.cpp(80,39): warning C4244: “=”: 从“float”转换到“LONG”，可能丢失数据
D:\MFC学习代码\空洞骑士\空洞骑士\空洞骑士\Mantis Air Projectile.cpp(83,40): warning C4244: “=”: 从“float”转换到“LONG”，可能丢失数据
D:\MFC学习代码\空洞骑士\空洞骑士\空洞骑士\Mantis Air Projectile.cpp(85,44): warning C4244: “=”: 从“float”转换到“LONG”，可能丢失数据
  Player.cpp
D:\MFC学习代码\空洞骑士\空洞骑士\空洞骑士\Player.cpp(305,34): warning C4244: “-=”: 从“double”转换到“LONG”，可能丢失数据
D:\MFC学习代码\空洞骑士\空洞骑士\空洞骑士\Player.cpp(324,34): warning C4244: “-=”: 从“double”转换到“LONG”，可能丢失数据
D:\MFC学习代码\空洞骑士\空洞骑士\空洞骑士\Player.cpp(342,34): warning C4244: “-=”: 从“double”转换到“LONG”，可能丢失数据
D:\MFC学习代码\空洞骑士\空洞骑士\空洞骑士\Player.cpp(352,42): warning C4244: “-=”: 从“float”转换到“LONG”，可能丢失数据
D:\MFC学习代码\空洞骑士\空洞骑士\空洞骑士\Player.cpp(370,44): warning C4244: “+=”: 从“float”转换到“LONG”，可能丢失数据
D:\MFC学习代码\空洞骑士\空洞骑士\空洞骑士\Player.cpp(388,43): warning C4244: “-=”: 从“float”转换到“LONG”，可能丢失数据
D:\MFC学习代码\空洞骑士\空洞骑士\空洞骑士\Player.cpp(402,44): warning C4244: “+=”: 从“float”转换到“LONG”，可能丢失数据
D:\MFC学习代码\空洞骑士\空洞骑士\空洞骑士\Player.cpp(423,33): warning C4244: “-=”: 从“double”转换到“LONG”，可能丢失数据
D:\MFC学习代码\空洞骑士\空洞骑士\空洞骑士\Player.cpp(455,23): warning C4244: “=”: 从“double”转换到“LONG”，可能丢失数据
D:\MFC学习代码\空洞骑士\空洞骑士\空洞骑士\Player.cpp(487,33): warning C4244: “-=”: 从“double”转换到“LONG”，可能丢失数据
D:\MFC学习代码\空洞骑士\空洞骑士\空洞骑士\Player.cpp(492,25): warning C4244: “-=”: 从“float”转换到“LONG”，可能丢失数据
D:\MFC学习代码\空洞骑士\空洞骑士\空洞骑士\Player.cpp(498,25): warning C4244: “+=”: 从“float”转换到“LONG”，可能丢失数据
D:\MFC学习代码\空洞骑士\空洞骑士\空洞骑士\Player.cpp(515,23): warning C4244: “=”: 从“double”转换到“LONG”，可能丢失数据
D:\MFC学习代码\空洞骑士\空洞骑士\空洞骑士\Player.cpp(562,23): warning C4244: “-=”: 从“float”转换到“LONG”，可能丢失数据
D:\MFC学习代码\空洞骑士\空洞骑士\空洞骑士\Player.cpp(569,23): warning C4244: “+=”: 从“float”转换到“LONG”，可能丢失数据
D:\MFC学习代码\空洞骑士\空洞骑士\空洞骑士\Player.cpp(649,23): warning C4244: “-=”: 从“float”转换到“LONG”，可能丢失数据
D:\MFC学习代码\空洞骑士\空洞骑士\空洞骑士\Player.cpp(663,23): warning C4244: “+=”: 从“float”转换到“LONG”，可能丢失数据
D:\MFC学习代码\空洞骑士\空洞骑士\空洞骑士\Player.cpp(683,24): warning C4244: “-=”: 从“float”转换到“LONG”，可能丢失数据
D:\MFC学习代码\空洞骑士\空洞骑士\空洞骑士\Player.cpp(691,24): warning C4244: “+=”: 从“float”转换到“LONG”，可能丢失数据
D:\MFC学习代码\空洞骑士\空洞骑士\空洞骑士\Player.cpp(709,16): warning C4244: “初始化”: 从“double”转换到“long”，可能丢失数据
D:\MFC学习代码\空洞骑士\空洞骑士\空洞骑士\Player.cpp(710,16): warning C4244: “初始化”: 从“double”转换到“long”，可能丢失数据
D:\MFC学习代码\空洞骑士\空洞骑士\空洞骑士\Player.cpp(736,22): warning C4244: “-=”: 从“float”转换到“LONG”，可能丢失数据
D:\MFC学习代码\空洞骑士\空洞骑士\空洞骑士\Player.cpp(737,23): warning C4244: “+=”: 从“float”转换到“LONG”，可能丢失数据
D:\MFC学习代码\空洞骑士\空洞骑士\空洞骑士\Player.cpp(751,22): warning C4244: “-=”: 从“float”转换到“LONG”，可能丢失数据
D:\MFC学习代码\空洞骑士\空洞骑士\空洞骑士\Player.cpp(752,23): warning C4244: “-=”: 从“float”转换到“LONG”，可能丢失数据
D:\MFC学习代码\空洞骑士\空洞骑士\空洞骑士\Player.cpp(771,33): warning C4244: “-=”: 从“double”转换到“LONG”，可能丢失数据
D:\MFC学习代码\空洞骑士\空洞骑士\空洞骑士\Player.cpp(803,22): warning C4244: “=”: 从“double”转换到“LONG”，可能丢失数据
  Player_StateNode.cpp
  State-Machine.cpp
  main.cpp
  UI.cpp
D:\MFC学习代码\空洞骑士\空洞骑士\空洞骑士\UI.cpp(61,32): warning C4267: “参数”: 从“size_t”转换到“int”，可能丢失数据
  透明动画与翻转动画函数.cpp
  正在生成代码
  Previous IPDB not found, fall back to full compilation.
  All 2071 functions were compiled because no usable IPDB/IOBJ from previous compilation was found.
  已完成代码的生成
  空洞骑士.vcxproj -> D:\MFC学习代码\空洞骑士\空洞骑士\x64\Release\空洞骑士.exe
